Build started 14/08/2024 1:02:35 am.
     1>Project "C:\Users\Administrator\Desktop\ToyRobot\ToyRobot.vcxproj" on node 2 (Rebuild target(s)).
     1>ClCompile:
         C:\Program Files (x86)\Microsoft Visual Studio 12.0\VC\bin\CL.exe /c /AI"C:\Program Files (x86)\Reference Assemblies\Microsoft\Framework\.NETFramework\v4.5\\" /AI"C:\Program Files (x86)\Windows Kits\8.1\References\CommonConfiguration\Neutral" /AI"C:\Program Files (x86)\Reference Assemblies\Microsoft\Framework\.NETFramework\v4.5\Facades\\" /Zi /clr /nologo /W3 /WX- /O2 /Oy- /D WIN32 /D NDEBUG /D _UNICODE /D UNICODE /EHa /MD /GS /fp:precise /Zc:wchar_t /Zc:forScope /Fo"Release\\" /Fd"Release\vc120.pdb" /TP /FU"C:\Program Files (x86)\Reference Assemblies\Microsoft\Framework\.NETFramework\v4.5\mscorlib.dll" /FU"C:\Program Files (x86)\Reference Assemblies\Microsoft\Framework\.NETFramework\v4.5\System.Data.dll" /FU"C:\Program Files (x86)\Reference Assemblies\Microsoft\Framework\.NETFramework\v4.5\System.dll" /FU"C:\Program Files (x86)\Reference Assemblies\Microsoft\Framework\.NETFramework\v4.5\System.Xml.dll" /analyze- /errorReport:prompt /clr:nostdlib AssemblyInfo.cpp controller.cpp toyrobot.cpp main.cpp
         AssemblyInfo.cpp
         controller.cpp
         toyrobot.cpp
         main.cpp
         Generating Code...
     1>c:\users\administrator\desktop\toyrobot\toyrobot.cpp(67): warning C4715: 'ToyRobot::GetDirectionString' : not all control paths return a value
         C:\Program Files (x86)\Microsoft Visual Studio 12.0\VC\bin\CL.exe /c /Zi /clr /nologo /W3 /WX- /O2 /Oy- /D WIN32 /D NDEBUG /D _UNICODE /D UNICODE /EHa /MD /GS /fp:precise /Zc:wchar_t /Zc:forScope /Fo"Release\\" /Fd"Release\vc120.pdb" /TP /analyze- /errorReport:prompt "C:\Users\Administrator\AppData\Local\Temp\.NETFramework,Version=v4.5.AssemblyAttributes.cpp"
         .NETFramework,Version=v4.5.AssemblyAttributes.cpp
       ResourceCompile:
         C:\Program Files (x86)\Windows Kits\8.1\bin\x86\rc.exe /D _UNICODE /D UNICODE /l"0x0409" /nologo /fo"Release\app.res" app.rc 
       Link:
         C:\Program Files (x86)\Microsoft Visual Studio 12.0\VC\bin\link.exe /ERRORREPORT:PROMPT /OUT:"C:\Users\Administrator\Desktop\ToyRobot\Release\ToyRobot.exe" /INCREMENTAL:NO /NOLOGO /MANIFEST /MANIFESTUAC:"level='asInvoker' uiAccess='false'" /manifest:embed /DEBUG /PDB:"C:\Users\Administrator\Desktop\ToyRobot\Release\ToyRobot.pdb" /SUBSYSTEM:CONSOLE /TLBID:1 /DYNAMICBASE /FIXED:NO /NXCOMPAT /MACHINE:X86 /SAFESEH Release\app.res
         Release\AssemblyInfo.obj
         Release\controller.obj
         Release\toyrobot.obj
         Release\main.obj
         "Release\.NETFramework,Version=v4.5.AssemblyAttributes.obj"
         ToyRobot.vcxproj -> C:\Users\Administrator\Desktop\ToyRobot\Release\ToyRobot.exe
     1>Done Building Project "C:\Users\Administrator\Desktop\ToyRobot\ToyRobot.vcxproj" (Rebuild target(s)).

Build succeeded.

Time Elapsed 00:00:04.07
