c:\users\administrator\desktop\toyrobot\debug\vc120.pdb
c:\users\administrator\desktop\toyrobot\debug\main.obj
c:\users\administrator\desktop\toyrobot\debug\toyrobot.obj
c:\users\administrator\desktop\toyrobot\debug\controller.obj
c:\users\administrator\desktop\toyrobot\debug\assemblyinfo.obj
c:\users\administrator\desktop\toyrobot\debug\.netframework,version=v4.5.assemblyattributes.obj
c:\users\administrator\desktop\toyrobot\debug\toyrobot.exe
c:\users\administrator\desktop\toyrobot\debug\toyrobot.pdb
c:\users\administrator\desktop\toyrobot\debug\app.res
c:\users\administrator\desktop\toyrobot\debug\toyrobot.vcxprojresolveassemblyreference.cache
c:\users\administrator\desktop\toyrobot\debug\toyrobottest.ilk
c:\users\administrator\desktop\toyrobot\debug\toyrobottest.exp
c:\users\administrator\desktop\toyrobot\debug\toyrobottest.pdb
c:\users\administrator\desktop\toyrobot\debug\toyrobot.exe.metagen
c:\users\administrator\desktop\toyrobot\debug\toyrobot.tlog\cl.command.1.tlog
c:\users\administrator\desktop\toyrobot\debug\toyrobot.tlog\cl.read.1.tlog
c:\users\administrator\desktop\toyrobot\debug\toyrobot.tlog\cl.write.1.tlog
c:\users\administrator\desktop\toyrobot\debug\toyrobot.tlog\link.command.1.tlog
c:\users\administrator\desktop\toyrobot\debug\toyrobot.tlog\link.read.1.tlog
c:\users\administrator\desktop\toyrobot\debug\toyrobot.tlog\link.write.1.tlog
c:\users\administrator\desktop\toyrobot\debug\toyrobot.tlog\metagen.read.1.tlog
c:\users\administrator\desktop\toyrobot\debug\toyrobot.tlog\metagen.write.1.tlog
c:\users\administrator\desktop\toyrobot\debug\toyrobot.tlog\rc.command.1.tlog
c:\users\administrator\desktop\toyrobot\debug\toyrobot.tlog\rc.read.1.tlog
c:\users\administrator\desktop\toyrobot\debug\toyrobot.tlog\rc.write.1.tlog
c:\users\administrator\desktop\toyrobot\debug\toyrobot.tlog\tzres.dll.bi
